BLANK LOG09/01/15 22:01:21 ________________ P2 __adm_______messages ldap_cachemgr[215]: [ID 293258 daemon.error] libsldap: Status: 49 
09/01/15 22:01:21 ________________ P2 __adm_______messages ldap_cachemgr[215]: [ID 545954 daemon.error] libsldap: makeConnect
09/01/15 22:01:21 ________________ P2 __adm_______messages ldap_cachemgr[215]: [ID 687686 daemon.warning] libsldap: Falling b
09/01/15 22:01:21 ________________ P2 __adm_______messages ldap_cachemgr[215]: [ID 293258 daemon.error] libsldap: Status: 49 
09/01/15 22:01:21 ________________ P2 __adm_______messages ldap_cachemgr[215]: [ID 545954 daemon.error] libsldap: makeConnect
09/01/15 22:01:21 ________________ P2 __adm_______messages ldap_cachemgr[215]: [ID 687686 daemon.warning] libsldap: Falling b
09/01/15 22:01:21 ________________ P2 __adm_______messages ldap_cachemgr[215]: [ID 293258 daemon.error] libsldap: Status: 49 
09/01/15 22:01:21 ________________ P2 __adm_______messages ldap_cachemgr[215]: [ID 545954 daemon.error] libsldap: makeConnect
09/01/15 22:01:21 ________________ P2 __adm_______messages ldap_cachemgr[215]: [ID 687686 daemon.warning] libsldap: Falling b
09/01/15 22:01:21 ________________ P2 __adm_______messages ldap_cachemgr[215]: [ID 293258 daemon.error] libsldap: Status: 49 
09/01/15 22:01:21 ________________ P2 __adm_______messages ldap_cachemgr[215]: [ID 545954 daemon.error] libsldap: makeConnect
09/01/15 22:01:21 ________________ P2 __adm_______messages ldap_cachemgr[215]: [ID 687686 daemon.warning] libsldap: Falling b
09/01/15 22:01:21 ________________ P2 __adm_______messages ldap_cachemgr[215]: [ID 293258 daemon.error] libsldap: Status: 49 
09/01/15 22:01:21 ________________ P2 __adm_______messages ldap_cachemgr[215]: [ID 545954 daemon.error] libsldap: makeConnect
09/01/15 22:01:21 ________________ P2 __adm_______messages ldap_cachemgr[215]: [ID 687686 daemon.warning] libsldap: Falling b
09/01/15 22:01:21 ________________ P2 __adm_______messages ufs: [ID 699159 kern.warning] WARNING: Error accessing ufs log for
09/01/15 22:01:21 ________________ P2 __adm_______messages scsi: [ID 107833 kern.warning] WARNING: /pci@0,0/pci1022,7450@2/pc
09/01/15 22:01:21 ________________ P2 __adm_______messages scsi: [ID 107833 kern.notice] ASC: 0x11 (unrecovered read error), 
09/01/15 22:01:21 ________________ P2 __adm_______messages scsi: [ID 107833 kern.warning] WARNING: /pci@0,0/pci1022,7450@2/pc
09/01/15 22:01:21 ________________ P2 __adm_______messages scsi: [ID 107833 kern.notice] ASC: 0x11 (unrecovered read error), 
09/01/15 22:01:21 ________________ P2 __adm_______messages scsi: [ID 107833 kern.warning] WARNING: /pci@0,0/pci1022,7450@2/pc
09/01/15 22:01:21 ________________ P2 __adm_______messages scsi: [ID 107833 kern.notice] ASC: 0x11 (unrecovered read error), 
09/01/15 22:01:21 ________________ P2 __adm_______messages scsi: [ID 107833 kern.warning] WARNING: /pci@0,0/pci1022,7450@2/pc
09/01/15 22:01:21 ________________ P2 __adm_______messages scsi: [ID 107833 kern.warning] WARNING: /pci@0,0/pci1022,7450@2/pc
09/01/15 22:01:21 ________________ P2 __adm_______messages scsi: [ID 107833 kern.warning] WARNING: /pci@0,0/pci1022,7450@2/pc
09/01/15 22:01:21 ________________ P2 __adm_______messages scsi: [ID 107833 kern.warning] WARNING: /pci@0,0/pci1022,7450@2/pc
09/01/15 22:01:21 ________________ P2 __adm_______messages md_stripe: [ID 641072 kern.warning] WARNING: md: d21: read error o
09/01/15 22:01:21 ________________ P2 __adm_______messages md_stripe: [ID 641072 kern.warning] WARNING: md: d25: read error o
09/01/15 22:01:21 ________________ P2 __adm_______messages md_stripe: [ID 641072 kern.warning] WARNING: md: d20: read error o
09/01/15 22:01:21 ________________ P2 __adm_______messages md_stripe: [ID 641072 kern.warning] WARNING: md: d24: read error o
09/01/15 22:01:21 ________________ P2 __adm_______messages scsi: [ID 107833 kern.warning] WARNING: /pci@0,0/pci1022,7450@2/pc
09/01/15 22:01:21 ________________ P2 __adm_______messages md_stripe: [ID 641072 kern.warning] WARNING: md: d26: read error o
09/01/15 22:01:21 ________________ P2 __adm_______messages scsi: [ID 107833 kern.warning] WARNING: /pci@0,0/pci1022,7450@2/pc
09/01/15 22:01:21 ________________ P2 __adm_______messages scsi: [ID 107833 kern.warning] WARNING: /pci@0,0/pci1022,7450@2/pc
09/01/15 22:01:21 ________________ P2 __adm_______messages scsi: [ID 107833 kern.warning] WARNING: /pci@0,0/pci1022,7450@2/pc
09/01/15 22:01:21 ________________ P2 __adm_______messages scsi: [ID 107833 kern.notice] ASC: 0x11 (unrecovered read error), 
09/01/15 22:01:21 ________________ P2 __adm_______messages scsi: [ID 107833 kern.warning] WARNING: /pci@0,0/pci1022,7450@2/pc
09/01/15 22:01:21 ________________ P2 __adm_______messages scsi: [ID 107833 kern.warning] WARNING: /pci@0,0/pci1022,7450@2/pc
09/01/15 22:01:21 ________________ P2 __adm_______messages scsi: [ID 107833 kern.warning] WARNING: /pci@0,0/pci1022,7450@2/pc
09/01/15 22:01:21 ________________ P2 __adm_______messages scsi: [ID 107833 kern.warning] WARNING: /pci@0,0/pci1022,7450@2/pc
09/01/15 22:01:21 ________________ P2 __adm_______messages scsi: [ID 107833 kern.warning] WARNING: /pci@0,0/pci1022,7450@2/pc
09/01/15 22:01:21 ________________ P2 __adm_______messages scsi: [ID 107833 kern.warning] WARNING: /pci@0,0/pci1022,7450@2/pc
09/01/15 22:01:21 ________________ P2 __adm_______messages scsi: [ID 107833 kern.notice] ASC: 0x11 (unrecovered read error), 
09/01/15 22:01:21 ________________ P2 __adm_______messages scsi: [ID 107833 kern.warning] WARNING: /pci@0,0/pci1022,7450@2/pc
09/01/15 22:01:21 ________________ P2 __adm_______messages scsi: [ID 107833 kern.notice] ASC: 0x11 (unrecovered read error), 
09/01/15 22:01:21 ________________ P2 __adm_______messages scsi: [ID 107833 kern.warning] WARNING: /pci@0,0/pci1022,7450@2/pc
09/01/15 22:01:21 ________________ P2 __adm_______messages scsi: [ID 107833 kern.notice] ASC: 0x11 (unrecovered read error), 
09/01/15 22:01:21 ________________ P2 __adm_______messages scsi: [ID 107833 kern.warning] WARNING: /pci@0,0/pci1022,7450@2/pc
09/01/15 22:01:21 ________________ P2 __adm_______messages scsi: [ID 107833 kern.notice] ASC: 0x11 (unrecovered read error), 
09/01/15 22:01:21 ________________ P2 __adm_______messages scsi: [ID 107833 kern.warning] WARNING: /pci@0,0/pci1022,7450@2/pc
09/01/15 22:01:21 ________________ P2 __adm_______messages scsi: [ID 107833 kern.notice] ASC: 0x11 (unrecovered read error), 
09/01/15 22:01:21 ________________ P2 __adm_______messages scsi: [ID 107833 kern.warning] WARNING: /pci@0,0/pci1022,7450@2/pc
09/01/15 22:01:21 ________________ P2 __adm_______messages scsi: [ID 107833 kern.notice] ASC: 0x11 (unrecovered read error), 
09/01/15 22:01:21 ________________ P2 __adm_______messages scsi: [ID 107833 kern.warning] WARNING: /pci@0,0/pci1022,7450@2/pc
09/01/15 22:01:21 ________________ P2 __adm_______messages scsi: [ID 107833 kern.warning] WARNING: /pci@0,0/pci1022,7450@2/pc
09/01/15 22:01:21 ________________ P2 __adm_______messages scsi: [ID 107833 kern.notice] ASC: 0x11 (unrecovered read error), 
09/01/15 22:01:21 ________________ P2 __adm_______messages scsi: [ID 107833 kern.warning] WARNING: /pci@0,0/pci1022,7450@2/pc
09/01/15 22:01:21 ________________ P2 __adm_______messages scsi: [ID 107833 kern.warning] WARNING: /pci@0,0/pci1022,7450@2/pc
09/01/15 22:01:21 ________________ P2 __adm_______messages scsi: [ID 107833 kern.notice] ASC: 0x11 (unrecovered read error), 
09/01/15 22:01:21 ________________ P2 __adm_______messages scsi: [ID 107833 kern.warning] WARNING: /pci@0,0/pci1022,7450@2/pc
09/01/15 22:01:21 ________________ P2 __adm_______messages scsi: [ID 107833 kern.notice] ASC: 0x11 (unrecovered read error), 
09/01/15 22:01:21 ________________ P2 __adm_______messages scsi: [ID 107833 kern.warning] WARNING: /pci@0,0/pci1022,7450@2/pc
09/01/15 22:01:21 ________________ P2 __adm_______messages scsi: [ID 107833 kern.notice] ASC: 0x11 (unrecovered read error), 
09/01/15 22:01:21 ________________ P2 __adm_______messages scsi: [ID 107833 kern.warning] WARNING: /pci@0,0/pci1022,7450@2/pc
09/01/15 22:01:21 ________________ P2 __adm_______messages scsi: [ID 107833 kern.notice] ASC: 0x11 (unrecovered read error), 
09/01/15 22:01:21 ________________ P2 __adm_______messages scsi: [ID 107833 kern.warning] WARNING: /pci@0,0/pci1022,7450@2/pc
09/01/15 22:01:21 ________________ P2 __adm_______messages scsi: [ID 107833 kern.notice] ASC: 0x11 (unrecovered read error), 
09/01/15 22:01:21 ________________ P2 __adm_______messages scsi: [ID 107833 kern.warning] WARNING: /pci@0,0/pci1022,7450@2/pc
09/01/15 22:01:21 ________________ P2 __adm_______messages scsi: [ID 107833 kern.notice] ASC: 0x11 (unrecovered read error), 
09/01/15 22:01:21 ________________ P2 __adm_______messages scsi: [ID 107833 kern.warning] WARNING: /pci@0,0/pci1022,7450@2/pc
09/01/15 22:01:21 ________________ P2 __adm_______messages scsi: [ID 107833 kern.warning] WARNING: /pci@0,0/pci1022,7450@2/pc
09/01/15 22:01:21 ________________ P2 __adm_______messages scsi: [ID 107833 kern.warning] WARNING: /pci@0,0/pci1022,7450@2/pc
09/01/15 22:01:21 ________________ P2 __adm_______messages md_stripe: [ID 641072 kern.warning] WARNING: md: d26: read error o
09/01/15 22:01:21 ________________ P2 __adm_______messages scsi: [ID 107833 kern.warning] WARNING: /pci@0,0/pci1022,7450@2/pc
09/01/15 22:01:21 ________________ P2 __adm_______messages md_mirror: [ID 104909 kern.warning] WARNING: md: d26: /dev/dsk/c0t
09/01/15 22:01:21 ________________ P2 __adm_______messages md_mirror: [ID 990438 kern.warning] WARNING: md: d26: /dev/dsk/c0t
09/01/15 22:01:21 ________________ P2 __adm_______messages scsi: [ID 107833 kern.warning] WARNING: /pci@0,0/pci1022,7450@2/pc
09/01/15 22:01:21 ________________ P2 __adm_______messages scsi: [ID 107833 kern.warning] WARNING: /pci@0,0/pci1022,7450@2/pc
09/01/15 22:01:21 ________________ P2 __adm_______messages scsi: [ID 107833 kern.warning] WARNING: /pci@0,0/pci1022,7450@2/pc
09/01/15 22:01:21 ________________ P2 __adm_______messages scsi: [ID 107833 kern.warning] WARNING: /pci@0,0/pci1022,7450@2/pc
09/01/15 22:01:21 ________________ P2 __adm_______messages scsi: [ID 107833 kern.warning] WARNING: /pci@0,0/pci1022,7450@2/pc
09/01/15 22:01:21 ________________ P2 __adm_______messages scsi: [ID 107833 kern.warning] WARNING: /pci@0,0/pci1022,7450@2/pc
09/01/15 22:01:21 ________________ P2 __adm_______messages scsi: [ID 107833 kern.warning] WARNING: /pci@0,0/pci1022,7450@2/pc
09/01/15 22:01:21 ________________ P2 __adm_______messages md_stripe: [ID 641072 kern.warning] WARNING: md: d24: read error o
09/01/15 22:01:21 ________________ P2 __adm_______messages md_stripe: [ID 641072 kern.warning] WARNING: md: d21: read error o
09/01/15 22:01:21 ________________ P2 __adm_______messages scsi: [ID 107833 kern.warning] WARNING: /pci@0,0/pci1022,7450@2/pc
09/01/15 22:01:21 ________________ P2 __adm_______messages scsi: [ID 107833 kern.warning] WARNING: /pci@0,0/pci1022,7450@2/pc
09/01/15 22:01:21 ________________ P2 __adm_______messages scsi: [ID 107833 kern.warning] WARNING: /pci@0,0/pci1022,7450@2/pc
09/01/15 22:01:21 ________________ P2 __adm_______messages scsi: [ID 107833 kern.warning] WARNING: /pci@0,0/pci1022,7450@2/pc
09/01/15 22:01:21 ________________ P2 __adm_______messages scsi: [ID 107833 kern.warning] WARNING: /pci@0,0/pci1022,7450@2/pc
09/01/15 22:01:21 ________________ P2 __adm_______messages scsi: [ID 107833 kern.warning] WARNING: /pci@0,0/pci1022,7450@2/pc
09/01/15 22:01:21 ________________ P2 __adm_______messages scsi: [ID 107833 kern.warning] WARNING: /pci@0,0/pci1022,7450@2/pc
09/01/15 22:01:21 ________________ P2 __adm_______messages md_stripe: [ID 641072 kern.warning] WARNING: md: d26: read error o
09/01/15 22:01:21 ________________ P2 __adm_______messages scsi: [ID 107833 kern.warning] WARNING: /pci@0,0/pci1022,7450@2/pc
09/01/15 22:01:21 ________________ P2 __adm_______messages scsi: [ID 107833 kern.notice] ASC: 0x11 (unrecovered read error), 
09/01/15 22:01:21 ________________ P2 __adm_______messages scsi: [ID 107833 kern.warning] WARNING: /pci@0,0/pci1022,7450@2/pc
09/01/15 22:01:21 ________________ P2 __adm_______messages scsi: [ID 107833 kern.notice] ASC: 0x11 (unrecovered read error), 
09/01/15 22:01:21 ________________ P2 __adm_______messages scsi: [ID 107833 kern.warning] WARNING: /pci@0,0/pci1022,7450@2/pc
09/01/15 22:01:21 ________________ P2 __adm_______messages scsi: [ID 107833 kern.notice] ASC: 0x11 (unrecovered read error), 
09/01/15 22:01:21 ________________ P2 __adm_______messages scsi: [ID 107833 kern.warning] WARNING: /pci@0,0/pci1022,7450@2/pc
09/01/15 22:01:21 ________________ P2 __adm_______messages scsi: [ID 107833 kern.notice] ASC: 0x11 (unrecovered read error), 
09/01/15 22:01:21 ________________ P2 __adm_______messages scsi: [ID 107833 kern.warning] WARNING: /pci@0,0/pci1022,7450@2/pc
09/01/15 22:01:21 ________________ P2 __adm_______messages scsi: [ID 107833 kern.notice] ASC: 0x11 (unrecovered read error), 
09/01/15 22:01:21 ________________ P2 __adm_______messages scsi: [ID 107833 kern.warning] WARNING: /pci@0,0/pci1022,7450@2/pc
09/01/15 22:01:21 ________________ P2 __adm_______messages scsi: [ID 107833 kern.notice] ASC: 0x11 (unrecovered read error), 
09/01/15 22:01:21 ________________ P2 __adm_______messages scsi: [ID 107833 kern.warning] WARNING: /pci@0,0/pci1022,7450@2/pc
09/01/15 22:01:21 ________________ P2 __adm_______messages scsi: [ID 107833 kern.notice] ASC: 0x11 (unrecovered read error), 
09/01/15 22:01:21 ________________ P2 __adm_______messages scsi: [ID 107833 kern.warning] WARNING: /pci@0,0/pci1022,7450@2/pc
09/01/15 22:01:21 ________________ P2 __adm_______messages scsi: [ID 107833 kern.notice] ASC: 0x11 (unrecovered read error), 
09/01/15 22:01:21 ________________ P2 __adm_______messages scsi: [ID 107833 kern.warning] WARNING: /pci@0,0/pci1022,7450@2/pc
09/01/15 22:01:21 ________________ P2 __adm_______messages scsi: [ID 107833 kern.warning] WARNING: /pci@0,0/pci1022,7450@2/pc
09/01/15 22:01:21 ________________ P2 __adm_______messages scsi: [ID 107833 kern.warning] WARNING: /pci@0,0/pci1022,7450@2/pc
09/01/15 22:01:21 ________________ P2 __adm_______messages scsi: [ID 107833 kern.notice] ASC: 0x11 (unrecovered read error), 
09/01/15 22:01:21 ________________ P2 __adm_______messages scsi: [ID 107833 kern.warning] WARNING: /pci@0,0/pci1022,7450@2/pc
09/01/15 22:01:21 ________________ P2 __adm_______messages scsi: [ID 107833 kern.warning] WARNING: /pci@0,0/pci1022,7450@2/pc
09/01/15 22:01:21 ________________ P2 __adm_______messages scsi: [ID 107833 kern.notice] ASC: 0x11 (unrecovered read error), 
09/01/15 22:01:21 ________________ P2 __adm_______messages scsi: [ID 107833 kern.warning] WARNING: /pci@0,0/pci1022,7450@2/pc
09/01/15 22:01:21 ________________ P2 __adm_______messages scsi: [ID 107833 kern.notice] ASC: 0x11 (unrecovered read error), 
09/01/15 22:01:21 ________________ P2 __adm_______messages scsi: [ID 107833 kern.warning] WARNING: /pci@0,0/pci1022,7450@2/pc
09/01/15 22:01:21 ________________ P2 __adm_______messages scsi: [ID 107833 kern.notice] ASC: 0x11 (unrecovered read error), 
09/01/15 22:01:21 ________________ P2 __adm_______messages scsi: [ID 107833 kern.warning] WARNING: /pci@0,0/pci1022,7450@2/pc
09/01/15 22:01:21 ________________ P2 __adm_______messages scsi: [ID 107833 kern.notice] ASC: 0x11 (unrecovered read error), 
09/01/15 22:01:21 ________________ P2 __adm_______messages scsi: [ID 107833 kern.warning] WARNING: /pci@0,0/pci1022,7450@2/pc
09/01/15 22:01:21 ________________ P2 __adm_______messages scsi: [ID 107833 kern.warning] WARNING: /pci@0,0/pci1022,7450@2/pc
09/01/15 22:01:21 ________________ P2 __adm_______messages scsi: [ID 107833 kern.notice] ASC: 0x11 (unrecovered read error), 
09/01/15 22:01:21 ________________ P2 __adm_______messages scsi: [ID 107833 kern.warning] WARNING: /pci@0,0/pci1022,7450@2/pc
09/01/15 22:01:21 ________________ P2 __adm_______messages scsi: [ID 107833 kern.notice] ASC: 0x11 (unrecovered read error), 
09/01/15 22:01:21 ________________ P2 __adm_______messages scsi: [ID 107833 kern.warning] WARNING: /pci@0,0/pci1022,7450@2/pc
09/01/15 22:01:21 ________________ P2 __adm_______messages scsi: [ID 107833 kern.warning] WARNING: /pci@0,0/pci1022,7450@2/pc
09/01/15 22:01:21 ________________ P2 __adm_______messages scsi: [ID 107833 kern.notice] ASC: 0x11 (unrecovered read error), 
09/01/15 22:01:21 ________________ P2 __adm_______messages scsi: [ID 107833 kern.warning] WARNING: /pci@0,0/pci1022,7450@2/pc
09/01/15 22:01:21 ________________ P2 __adm_______messages scsi: [ID 107833 kern.notice] ASC: 0x11 (unrecovered read error), 
09/01/15 22:01:21 ________________ P2 __adm_______messages scsi: [ID 107833 kern.warning] WARNING: /pci@0,0/pci1022,7450@2/pc
09/01/15 22:01:21 ________________ P2 __adm_______messages scsi: [ID 107833 kern.warning] WARNING: /pci@0,0/pci1022,7450@2/pc
09/01/15 22:01:21 ________________ P2 __adm_______messages scsi: [ID 107833 kern.warning] WARNING: /pci@0,0/pci1022,7450@2/pc
09/01/15 22:01:21 ________________ P2 __adm_______messages scsi: [ID 107833 kern.warning] WARNING: /pci@0,0/pci1022,7450@2/pc
09/01/15 22:01:21 ________________ P2 __adm_______messages scsi: [ID 107833 kern.warning] WARNING: /pci@0,0/pci1022,7450@2/pc
09/01/15 22:01:21 ________________ P2 __adm_______messages scsi: [ID 107833 kern.warning] WARNING: /pci@0,0/pci1022,7450@2/pc
09/01/15 22:01:21 ________________ P2 __adm_______messages scsi: [ID 107833 kern.warning] WARNING: /pci@0,0/pci1022,7450@2/pc
09/01/15 22:01:21 ________________ P2 __adm_______messages scsi: [ID 107833 kern.warning] WARNING: /pci@0,0/pci1022,7450@2/pc
09/01/15 22:01:21 ________________ P2 __adm_______messages md_stripe: [ID 641072 kern.warning] WARNING: md: d24: read error o
09/01/15 22:01:21 ________________ P2 __adm_______messages scsi: [ID 107833 kern.warning] WARNING: /pci@0,0/pci1022,7450@2/pc
09/01/15 22:01:21 ________________ P2 __adm_______messages scsi: [ID 107833 kern.warning] WARNING: /pci@0,0/pci1022,7450@2/pc
09/01/15 22:01:21 ________________ P2 __adm_______messages scsi: [ID 107833 kern.warning] WARNING: /pci@0,0/pci1022,7450@2/pc
09/01/15 22:01:21 ________________ P2 __adm_______messages scsi: [ID 107833 kern.warning] WARNING: /pci@0,0/pci1022,7450@2/pc
09/01/15 22:01:21 ________________ P2 __adm_______messages md_stripe: [ID 641072 kern.warning] WARNING: md: d21: read error o
09/01/15 22:01:21 ________________ P2 __adm_______messages scsi: [ID 107833 kern.warning] WARNING: /pci@0,0/pci1022,7450@2/pc
09/01/15 22:01:21 ________________ P2 __adm_______messages scsi: [ID 107833 kern.warning] WARNING: /pci@0,0/pci1022,7450@2/pc
09/01/15 22:01:21 ________________ P2 __adm_______messages scsi: [ID 107833 kern.warning] WARNING: /pci@0,0/pci1022,7450@2/pc
09/01/15 22:01:21 ________________ P2 __adm_______messages scsi: [ID 107833 kern.warning] WARNING: /pci@0,0/pci1022,7450@2/pc
09/01/15 22:01:21 ________________ P2 __adm_______messages scsi: [ID 107833 kern.warning] WARNING: /pci@0,0/pci1022,7450@2/pc
09/01/15 22:01:21 ________________ P2 __adm_______messages scsi: [ID 107833 kern.warning] WARNING: /pci@0,0/pci1022,7450@2/pc
09/01/15 22:01:21 ________________ P2 __adm_______messages scsi: [ID 107833 kern.warning] WARNING: /pci@0,0/pci1022,7450@2/pc
09/01/15 22:01:21 ________________ P2 __adm_______messages scsi: [ID 107833 kern.warning] WARNING: /pci@0,0/pci1022,7450@2/pc
09/01/15 22:01:21 ________________ P2 __adm_______messages scsi: [ID 107833 kern.warning] WARNING: /pci@0,0/pci1022,7450@2/pc
09/01/15 22:01:21 ________________ P2 __adm_______messages scsi: [ID 107833 kern.warning] WARNING: /pci@0,0/pci1022,7450@2/pc
09/01/15 22:01:21 ________________ P2 __adm_______messages scsi: [ID 107833 kern.warning] WARNING: /pci@0,0/pci1022,7450@2/pc
09/01/15 22:01:21 ________________ P2 __adm_______messages scsi: [ID 107833 kern.warning] WARNING: /pci@0,0/pci1022,7450@2/pc
09/01/15 22:01:21 ________________ P2 __adm_______messages scsi: [ID 107833 kern.warning] WARNING: /pci@0,0/pci1022,7450@2/pc
09/01/15 22:01:21 ________________ P2 __adm_______messages scsi: [ID 107833 kern.warning] WARNING: /pci@0,0/pci1022,7450@2/pc
09/01/15 22:01:21 ________________ P2 __adm_______messages scsi: [ID 107833 kern.warning] WARNING: /pci@0,0/pci1022,7450@2/pc
09/01/15 22:01:21 ________________ P2 __adm_______messages scsi: [ID 107833 kern.warning] WARNING: /pci@0,0/pci1022,7450@2/pc
09/01/15 22:01:21 ________________ P2 __adm_______messages scsi: [ID 107833 kern.warning] WARNING: /pci@0,0/pci1022,7450@2/pc
09/01/15 22:01:21 ________________ P2 __adm_______messages scsi: [ID 107833 kern.warning] WARNING: /pci@0,0/pci1022,7450@2/pc
09/01/15 22:01:21 ________________ P2 __adm_______messages scsi: [ID 107833 kern.warning] WARNING: /pci@0,0/pci1022,7450@2/pc
09/01/15 22:01:21 ________________ P2 __adm_______messages scsi: [ID 107833 kern.warning] WARNING: /pci@0,0/pci1022,7450@2/pc
09/01/15 22:01:21 ________________ P2 __adm_______messages scsi: [ID 107833 kern.warning] WARNING: /pci@0,0/pci1022,7450@2/pc
09/01/15 22:01:21 ________________ P2 __adm_______messages scsi: [ID 107833 kern.warning] WARNING: /pci@0,0/pci1022,7450@2/pc
09/01/15 22:01:21 ________________ P2 __adm_______messages md_stripe: [ID 641072 kern.warning] WARNING: md: d24: read error o
09/01/15 22:01:21 ________________ P2 __adm_______messages scsi: [ID 107833 kern.warning] WARNING: /pci@0,0/pci1022,7450@2/pc
09/01/15 22:01:21 ________________ P2 __adm_______messages scsi: [ID 107833 kern.warning] WARNING: /pci@0,0/pci1022,7450@2/pc
09/01/15 22:01:21 ________________ P2 __adm_______messages md_mirror: [ID 104909 kern.warning] WARNING: md: d24: /dev/dsk/c0t
09/01/15 22:01:21 ________________ P2 __adm_______messages md_mirror: [ID 990438 kern.warning] WARNING: md: d24: /dev/dsk/c0t
09/01/15 22:01:21 ________________ P2 __adm_______messages scsi: [ID 107833 kern.warning] WARNING: /pci@0,0/pci1022,7450@2/pc
09/01/15 22:01:21 ________________ P2 __adm_______messages scsi: [ID 107833 kern.warning] WARNING: /pci@0,0/pci1022,7450@2/pc
09/01/15 22:01:21 ________________ P2 __adm_______messages scsi: [ID 107833 kern.warning] WARNING: /pci@0,0/pci1022,7450@2/pc
09/01/15 22:01:21 ________________ P2 __adm_______messages scsi: [ID 107833 kern.warning] WARNING: /pci@0,0/pci1022,7450@2/pc
09/01/15 22:01:21 ________________ P2 __adm_______messages md_stripe: [ID 641072 kern.warning] WARNING: md: d20: read error o
09/01/15 22:01:21 ________________ P2 __adm_______messages scsi: [ID 107833 kern.warning] WARNING: /pci@0,0/pci1022,7450@2/pc
09/01/15 22:01:21 ________________ P2 __adm_______messages scsi: [ID 107833 kern.warning] WARNING: /pci@0,0/pci1022,7450@2/pc
09/01/15 22:01:21 ________________ P2 __adm_______messages scsi: [ID 107833 kern.warning] WARNING: /pci@0,0/pci1022,7450@2/pc
09/01/15 22:01:21 ________________ P2 __adm_______messages scsi: [ID 107833 kern.warning] WARNING: /pci@0,0/pci1022,7450@2/pc
09/01/15 22:01:21 ________________ P2 __adm_______messages scsi: [ID 107833 kern.warning] WARNING: /pci@0,0/pci1022,7450@2/pc
09/01/15 22:01:21 ________________ P2 __adm_______messages scsi: [ID 107833 kern.warning] WARNING: /pci@0,0/pci1022,7450@2/pc
09/01/15 22:01:21 ________________ P2 __adm_______messages scsi: [ID 107833 kern.warning] WARNING: /pci@0,0/pci1022,7450@2/pc
09/01/15 22:01:21 ________________ P2 __adm_______messages scsi: [ID 107833 kern.warning] WARNING: /pci@0,0/pci1022,7450@2/pc
09/01/15 22:01:21 ________________ P2 __adm_______messages scsi: [ID 107833 kern.warning] WARNING: /pci@0,0/pci1022,7450@2/pc
09/01/15 22:01:21 ________________ P2 __adm_______messages md_stripe: [ID 641072 kern.warning] WARNING: md: d24: read error o
09/01/15 22:01:21 ________________ P2 __adm_______messages scsi: [ID 107833 kern.warning] WARNING: /pci@0,0/pci1022,7450@2/pc
09/01/15 22:01:21 ________________ P2 __adm_______messages scsi: [ID 107833 kern.warning] WARNING: /pci@0,0/pci1022,7450@2/pc
09/01/15 22:01:21 ________________ P2 __adm_______messages scsi: [ID 107833 kern.warning] WARNING: /pci@0,0/pci1022,7450@2/pc
09/01/15 22:01:21 ________________ P2 __adm_______messages scsi: [ID 107833 kern.warning] WARNING: /pci@0,0/pci1022,7450@2/pc
09/01/15 22:01:21 ________________ P2 __adm_______messages scsi: [ID 107833 kern.warning] WARNING: /pci@0,0/pci1022,7450@2/pc
09/01/15 22:01:21 ________________ P2 __adm_______messages scsi: [ID 107833 kern.warning] WARNING: /pci@0,0/pci1022,7450@2/pc
09/01/15 22:01:21 ________________ P2 __adm_______messages scsi: [ID 107833 kern.warning] WARNING: /pci@0,0/pci1022,7450@2/pc
09/01/15 22:01:21 ________________ P2 __adm_______messages scsi: [ID 107833 kern.warning] WARNING: /pci@0,0/pci1022,7450@2/pc
09/01/15 22:01:21 ________________ P2 __adm_______messages scsi: [ID 107833 kern.warning] WARNING: /pci@0,0/pci1022,7450@2/pc
09/01/15 22:01:21 ________________ P2 __adm_______messages scsi: [ID 107833 kern.warning] WARNING: /pci@0,0/pci1022,7450@2/pc
09/01/15 22:01:21 ________________ P2 __adm_______messages scsi: [ID 107833 kern.warning] WARNING: /pci@0,0/pci1022,7450@2/pc
09/01/15 22:01:21 ________________ P2 __adm_______messages scsi: [ID 107833 kern.warning] WARNING: /pci@0,0/pci1022,7450@2/pc
09/01/15 22:01:21 ________________ P2 __adm_______messages scsi: [ID 107833 kern.warning] WARNING: /pci@0,0/pci1022,7450@2/pc
09/01/15 22:01:21 ________________ P2 __adm_______messages md_stripe: [ID 641072 kern.warning] WARNING: md: d24: read error o
09/01/15 22:01:21 ________________ P2 __adm_______messages scsi: [ID 107833 kern.warning] WARNING: /pci@0,0/pci1022,7450@2/pc
09/01/15 22:01:21 ________________ P2 __adm_______messages scsi: [ID 107833 kern.warning] WARNING: /pci@0,0/pci1022,7450@2/pc
09/01/15 22:01:21 ________________ P2 __adm_______messages scsi: [ID 107833 kern.warning] WARNING: /pci@0,0/pci1022,7450@2/pc
09/01/15 22:01:21 ________________ P2 __adm_______messages scsi: [ID 107833 kern.notice] ASC: 0x11 (unrecovered read error), 
09/01/15 22:01:21 ________________ P2 __adm_______messages scsi: [ID 107833 kern.warning] WARNING: /pci@0,0/pci1022,7450@2/pc
09/01/15 22:01:21 ________________ P2 __adm_______messages scsi: [ID 107833 kern.notice] ASC: 0x11 (unrecovered read error), 
09/01/15 22:01:21 ________________ P2 __adm_______messages scsi: [ID 107833 kern.warning] WARNING: /pci@0,0/pci1022,7450@2/pc
09/01/15 22:01:21 ________________ P2 __adm_______messages scsi: [ID 107833 kern.notice] ASC: 0x11 (unrecovered read error), 
09/01/15 22:01:21 ________________ P2 __adm_______messages scsi: [ID 107833 kern.warning] WARNING: /pci@0,0/pci1022,7450@2/pc
09/01/15 22:01:21 ________________ P2 __adm_______messages scsi: [ID 107833 kern.warning] WARNING: /pci@0,0/pci1022,7450@2/pc
09/01/15 22:01:21 ________________ P2 __adm_______messages scsi: [ID 107833 kern.warning] WARNING: /pci@0,0/pci1022,7450@2/pc
09/01/15 22:01:21 ________________ P2 __adm_______messages scsi: [ID 107833 kern.notice] ASC: 0x11 (unrecovered read error), 
09/01/15 22:01:21 ________________ P2 __adm_______messages scsi: [ID 107833 kern.warning] WARNING: /pci@0,0/pci1022,7450@2/pc
09/01/15 22:01:21 ________________ P2 __adm_______messages scsi: [ID 107833 kern.notice] ASC: 0x11 (unrecovered read error), 
09/01/15 22:01:21 ________________ P2 __adm_______messages scsi: [ID 107833 kern.warning] WARNING: /pci@0,0/pci1022,7450@2/pc
09/01/15 22:01:21 ________________ P2 __adm_______messages scsi: [ID 107833 kern.warning] WARNING: /pci@0,0/pci1022,7450@2/pc
09/01/15 22:01:21 ________________ P2 __adm_______messages scsi: [ID 107833 kern.notice] ASC: 0x11 (unrecovered read error), 
09/01/15 22:01:21 ________________ P2 __adm_______messages scsi: [ID 107833 kern.warning] WARNING: /pci@0,0/pci1022,7450@2/pc
09/01/15 22:01:21 ________________ P2 __adm_______messages scsi: [ID 107833 kern.warning] WARNING: /pci@0,0/pci1022,7450@2/pc
09/01/15 22:01:21 ________________ P2 __adm_______messages scsi: [ID 107833 kern.notice] ASC: 0x11 (unrecovered read error), 
09/01/15 22:01:21 ________________ P2 __adm_______messages scsi: [ID 107833 kern.warning] WARNING: /pci@0,0/pci1022,7450@2/pc
09/01/15 22:01:21 ________________ P2 __adm_______messages scsi: [ID 107833 kern.notice] ASC: 0x11 (unrecovered read error), 
09/01/15 22:01:21 ________________ P2 __adm_______messages scsi: [ID 107833 kern.warning] WARNING: /pci@0,0/pci1022,7450@2/pc
09/01/15 22:01:21 ________________ P2 __adm_______messages scsi: [ID 107833 kern.notice] ASC: 0x11 (unrecovered read error), 
09/01/15 22:01:21 ________________ P2 __adm_______messages scsi: [ID 107833 kern.warning] WARNING: /pci@0,0/pci1022,7450@2/pc
09/01/15 22:01:21 ________________ P2 __adm_______messages scsi: [ID 107833 kern.notice] ASC: 0x11 (unrecovered read error), 
09/01/15 22:01:21 ________________ P2 __adm_______messages scsi: [ID 107833 kern.warning] WARNING: /pci@0,0/pci1022,7450@2/pc
09/01/15 22:01:21 ________________ P2 __adm_______messages scsi: [ID 107833 kern.notice] ASC: 0x11 (unrecovered read error), 
09/01/15 22:01:21 ________________ P2 __adm_______messages scsi: [ID 107833 kern.warning] WARNING: /pci@0,0/pci1022,7450@2/pc
09/01/15 22:01:21 ________________ P2 __adm_______messages scsi: [ID 107833 kern.warning] WARNING: /pci@0,0/pci1022,7450@2/pc
09/01/15 22:01:21 ________________ P2 __adm_______messages md_stripe: [ID 641072 kern.warning] WARNING: md: d25: write error 
09/01/15 22:01:21 ________________ P2 __adm_______messages scsi: [ID 107833 kern.warning] WARNING: /pci@0,0/pci1022,7450@2/pc
09/01/15 22:01:21 ________________ P2 __adm_______messages scsi: [ID 107833 kern.warning] WARNING: /pci@0,0/pci1022,7450@2/pc
09/01/15 22:01:21 ________________ P2 __adm_______messages scsi: [ID 107833 kern.warning] WARNING: /pci@0,0/pci1022,7450@2/pc
09/01/15 22:01:21 ________________ P2 __adm_______messages scsi: [ID 107833 kern.warning] WARNING: /pci@0,0/pci1022,7450@2/pc
09/01/15 22:01:21 ________________ P2 __adm_______messages scsi: [ID 107833 kern.warning] WARNING: /pci@0,0/pci1022,7450@2/pc
09/01/15 22:01:21 ________________ P2 __adm_______messages md_stripe: [ID 641072 kern.warning] WARNING: md: d25: read error o
09/01/15 22:01:21 ________________ P2 __adm_______messages scsi: [ID 107833 kern.warning] WARNING: /pci@0,0/pci1022,7450@2/pc
09/01/15 22:01:21 ________________ P2 __adm_______messages scsi: [ID 107833 kern.warning] WARNING: /pci@0,0/pci1022,7450@2/pc
09/01/15 22:01:21 ________________ P2 __adm_______messages scsi: [ID 107833 kern.warning] WARNING: /pci@0,0/pci1022,7450@2/pc
09/01/15 22:01:21 ________________ P2 __adm_______messages scsi: [ID 107833 kern.warning] WARNING: /pci@0,0/pci1022,7450@2/pc
09/01/15 22:01:21 ________________ P2 __adm_______messages md_stripe: [ID 641072 kern.warning] WARNING: md: d25: write error 
09/01/15 22:01:21 ________________ P2 __adm_______messages md_stripe: [ID 641072 kern.warning] WARNING: md: d21: read error o
09/01/15 22:01:21 ________________ P2 __adm_______messages scsi: [ID 107833 kern.warning] WARNING: /pci@0,0/pci1022,7450@2/pc
09/01/15 22:01:21 ________________ P2 __adm_______messages scsi: [ID 107833 kern.warning] WARNING: /pci@0,0/pci1022,7450@2/pc
09/01/15 22:01:21 ________________ P2 __adm_______messages scsi: [ID 107833 kern.warning] WARNING: /pci@0,0/pci1022,7450@2/pc
09/01/15 22:01:21 ________________ P2 __adm_______messages scsi: [ID 107833 kern.warning] WARNING: /pci@0,0/pci1022,7450@2/pc
09/01/15 22:01:21 ________________ P2 __adm_______messages scsi: [ID 107833 kern.warning] WARNING: /pci@0,0/pci1022,7450@2/pc
09/01/15 22:01:21 ________________ P2 __adm_______messages scsi: [ID 107833 kern.warning] WARNING: /pci@0,0/pci1022,7450@2/pc
09/01/15 22:01:21 ________________ P2 __adm_______messages scsi: [ID 107833 kern.warning] WARNING: /pci@0,0/pci1022,7450@2/pc
09/01/15 22:01:21 ________________ P2 __adm_______messages scsi: [ID 107833 kern.warning] WARNING: /pci@0,0/pci1022,7450@2/pc
09/01/15 22:01:21 ________________ P2 __adm_______messages scsi: [ID 107833 kern.warning] WARNING: /pci@0,0/pci1022,7450@2/pc
09/01/15 22:01:21 ________________ P2 __adm_______messages md_stripe: [ID 641072 kern.warning] WARNING: md: d25: read error o
09/01/15 22:01:21 ________________ P2 __adm_______messages ldap_cachemgr[215]: [ID 293258 daemon.error] libsldap: Status: 49 
09/01/15 22:01:21 ________________ P2 __adm_______messages ldap_cachemgr[215]: [ID 545954 daemon.error] libsldap: makeConnect
09/01/15 22:01:21 ________________ P2 __adm_______messages ldap_cachemgr[215]: [ID 687686 daemon.warning] libsldap: Falling b
09/01/15 22:01:21 ________________ P2 __adm_______messages ldap_cachemgr[215]: [ID 293258 daemon.error] libsldap: Status: 49 
09/01/15 22:01:21 ________________ P2 __adm_______messages ldap_cachemgr[215]: [ID 545954 daemon.error] libsldap: makeConnect
09/01/15 22:01:21 ________________ P2 __adm_______messages ldap_cachemgr[215]: [ID 687686 daemon.warning] libsldap: Falling b
09/01/15 22:01:21 ________________ P2 __adm_______messages ldap_cachemgr[215]: [ID 293258 daemon.error] libsldap: Status: 49 
09/01/15 22:01:21 ________________ P2 __adm_______messages ldap_cachemgr[215]: [ID 545954 daemon.error] libsldap: makeConnect
09/01/15 22:01:21 ________________ P2 __adm_______messages ldap_cachemgr[215]: [ID 687686 daemon.warning] libsldap: Falling b
09/01/15 22:01:21 ________________ P2 __adm_______messages ldap_cachemgr[215]: [ID 293258 daemon.error] libsldap: Status: 49 
09/01/15 22:01:21 ________________ P2 __adm_______messages ldap_cachemgr[215]: [ID 545954 daemon.error] libsldap: makeConnect
09/01/15 22:01:21 ________________ P2 __adm_______messages ldap_cachemgr[215]: [ID 687686 daemon.warning] libsldap: Falling b
09/02/15 11:20:00 zacptspmsu01____ P2 __adm_______messages ldap_cachemgr[215]: [ID 293258 daemon.error] libsldap: Status: 49 
09/02/15 11:20:00 zacptspmsu01____ P2 __adm_______messages ldap_cachemgr[215]: [ID 545954 daemon.error] libsldap: makeConnect
09/02/15 11:20:00 zacptspmsu01____ P2 __adm_______messages ldap_cachemgr[215]: [ID 687686 daemon.warning] libsldap: Falling b
09/02/15 11:30:00 stamp
09/02/15 11:40:00 stamp
09/02/15 11:50:03 stamp
09/02/15 12:10:01 stamp
09/02/15 12:30:01 stamp
09/02/15 12:50:00 stamp
09/02/15 13:00:01 stamp
09/02/15 13:10:01 ________________ P2 __adm_______messages ldap_cachemgr[215]: [ID 293258 daemon.error] libsldap: Status: 49 
09/02/15 13:10:01 ________________ P2 __adm_______messages ldap_cachemgr[215]: [ID 545954 daemon.error] libsldap: makeConnect
09/02/15 13:10:01 ________________ P2 __adm_______messages ldap_cachemgr[215]: [ID 687686 daemon.warning] libsldap: Falling b
09/02/15 13:30:00 stamp
09/02/15 13:40:01 stamp
09/02/15 14:30:00 stamp
09/02/15 14:40:01 stamp
09/02/15 14:50:01 stamp
09/02/15 15:00:01 stamp
09/02/15 15:10:00 stamp
09/02/15 15:20:00 stamp
09/02/15 15:30:00 stamp
09/02/15 15:40:00 stamp
09/02/15 15:50:00 stamp
09/02/15 16:10:00 stamp
09/02/15 16:20:00 stamp
09/02/15 16:50:01 stamp
09/02/15 17:00:00 stamp
09/02/15 17:10:00 stamp
09/02/15 17:30:00 stamp
09/02/15 17:40:00 stamp
09/02/15 18:00:01 stamp
09/02/15 18:30:00 stamp
09/02/15 18:40:00 stamp
09/02/15 18:50:00 stamp
09/02/15 19:00:01 stamp
09/02/15 19:10:01 stamp
09/02/15 19:30:00 stamp
09/02/15 19:50:00 stamp
09/02/15 20:10:00 stamp
09/02/15 20:20:00 stamp
09/02/15 20:50:00 stamp
09/02/15 21:00:01 stamp
09/02/15 21:30:00 stamp
09/02/15 21:40:00 stamp
09/02/15 21:50:00 stamp
09/02/15 22:00:00 stamp
09/02/15 22:10:01 stamp
09/02/15 22:20:01 stamp
09/02/15 22:30:01 stamp
09/02/15 22:40:00 stamp
09/02/15 23:00:00 stamp
09/02/15 23:20:01 stamp
09/02/15 23:40:01 stamp
09/03/15 00:00:01 stamp
09/03/15 00:10:00 stamp
09/03/15 00:20:00 stamp
09/03/15 00:40:00 stamp
09/03/15 01:00:00 stamp
09/03/15 01:10:00 ________________ P2 __adm_______messages ldap_cachemgr[215]: [ID 293258 daemon.error] libsldap: Status: 49 
09/03/15 01:10:00 ________________ P2 __adm_______messages ldap_cachemgr[215]: [ID 545954 daemon.error] libsldap: makeConnect
09/03/15 01:10:00 ________________ P2 __adm_______messages ldap_cachemgr[215]: [ID 687686 daemon.warning] libsldap: Falling b
09/03/15 01:20:00 stamp
09/03/15 01:30:00 stamp
09/03/15 01:40:00 stamp
09/03/15 01:50:01 stamp
09/03/15 02:10:01 stamp
09/03/15 02:20:01 stamp
09/03/15 02:40:01 stamp
09/03/15 03:00:01 stamp
09/03/15 03:10:01 stamp
09/03/15 03:30:00 stamp
09/03/15 03:40:01 stamp
09/03/15 03:50:00 stamp
09/03/15 04:00:00 stamp
09/03/15 04:10:00 stamp
09/03/15 04:30:00 stamp
09/03/15 04:50:01 stamp
09/03/15 05:10:00 stamp
09/03/15 06:00:01 stamp
09/03/15 06:10:01 stamp
09/03/15 06:20:00 stamp
09/03/15 06:30:00 stamp
09/03/15 06:40:00 stamp
09/03/15 06:50:00 stamp
09/03/15 07:00:01 stamp
09/03/15 07:10:01 stamp
09/03/15 07:30:01 stamp
09/03/15 07:40:01 stamp
09/03/15 08:00:00 stamp
09/03/15 08:20:00 stamp
09/03/15 08:40:00 stamp
09/03/15 08:50:00 stamp
09/03/15 09:10:01 stamp
09/03/15 09:20:01 stamp
09/03/15 09:30:00 stamp
09/03/15 09:40:00 stamp
09/03/15 09:50:00 stamp
09/03/15 10:20:01 stamp
09/03/15 10:40:01 stamp
09/03/15 10:50:00 stamp
09/03/15 11:10:00 stamp
09/03/15 11:50:00 stamp
09/03/15 12:00:00 stamp
09/03/15 12:30:00 stamp
09/03/15 12:40:01 stamp
09/03/15 13:00:01 stamp
09/03/15 13:10:01 ________________ P2 __adm_______messages ldap_cachemgr[215]: [ID 293258 daemon.error] libsldap: Status: 49 
09/03/15 13:10:01 ________________ P2 __adm_______messages ldap_cachemgr[215]: [ID 545954 daemon.error] libsldap: makeConnect
09/03/15 13:10:01 ________________ P2 __adm_______messages ldap_cachemgr[215]: [ID 687686 daemon.warning] libsldap: Falling b
09/03/15 13:20:00 stamp
09/03/15 14:10:00 stamp
09/03/15 14:20:01 stamp
09/03/15 14:30:00 stamp
09/03/15 14:50:00 stamp
09/03/15 15:10:01 stamp
09/03/15 15:20:00 stamp
09/03/15 15:40:00 stamp
09/03/15 16:10:00 stamp
09/03/15 16:30:01 stamp
09/03/15 16:40:01 stamp
09/03/15 16:50:01 stamp
09/03/15 17:00:01 stamp
09/03/15 17:10:00 stamp
09/03/15 17:20:01 stamp
09/03/15 17:30:01 stamp
09/03/15 18:00:00 stamp
09/03/15 18:10:01 stamp
09/03/15 18:30:00 stamp
09/03/15 18:40:00 stamp
09/03/15 19:00:00 stamp
09/03/15 19:20:01 stamp
09/03/15 19:40:01 stamp
09/03/15 20:00:00 stamp
09/03/15 20:30:01 stamp
09/03/15 21:00:01 stamp
09/03/15 21:10:01 stamp
09/03/15 21:20:00 stamp
09/03/15 21:30:00 stamp
09/03/15 21:50:00 stamp
09/03/15 22:00:01 stamp
09/03/15 22:10:01 stamp
09/03/15 22:20:01 stamp
09/03/15 22:30:01 stamp
09/03/15 22:40:00 stamp
09/03/15 22:50:00 stamp
09/03/15 23:00:00 stamp
09/03/15 23:20:00 stamp
09/03/15 23:30:01 stamp
09/03/15 23:40:00 stamp
09/04/15 00:00:00 stamp
09/04/15 00:10:01 stamp
09/04/15 00:20:01 stamp
09/04/15 00:40:00 stamp
09/04/15 01:00:00 stamp
09/04/15 01:10:00 ________________ P2 __adm_______messages ldap_cachemgr[215]: [ID 293258 daemon.error] libsldap: Status: 49 
09/04/15 01:10:00 ________________ P2 __adm_______messages ldap_cachemgr[215]: [ID 545954 daemon.error] libsldap: makeConnect
09/04/15 01:10:00 ________________ P2 __adm_______messages ldap_cachemgr[215]: [ID 687686 daemon.warning] libsldap: Falling b
09/04/15 01:20:00 stamp
09/04/15 01:30:00 stamp
09/04/15 01:50:00 stamp
09/04/15 02:00:01 stamp
09/04/15 02:10:01 stamp
09/04/15 02:20:00 stamp
09/04/15 02:30:00 stamp
09/04/15 02:40:00 stamp
09/04/15 03:20:01 stamp
09/04/15 03:30:00 stamp
09/04/15 03:40:00 stamp
09/04/15 03:50:00 stamp
09/04/15 04:00:00 stamp
09/04/15 04:10:00 stamp
09/04/15 04:30:00 stamp
09/04/15 04:50:00 stamp
09/04/15 05:00:00 stamp
09/04/15 05:10:00 stamp
09/04/15 05:20:00 stamp
09/04/15 05:30:00 stamp
09/04/15 05:40:01 stamp
09/04/15 05:50:00 stamp
09/04/15 06:00:00 stamp
09/04/15 06:10:01 stamp
09/04/15 06:20:01 stamp
09/04/15 06:30:01 stamp
09/04/15 06:40:00 stamp
09/04/15 07:10:00 stamp
09/04/15 07:30:01 stamp
09/04/15 07:40:00 stamp
09/04/15 08:10:00 stamp
09/04/15 08:20:00 stamp
09/04/15 08:30:00 stamp
09/04/15 08:40:01 stamp
09/04/15 08:50:00 stamp
09/04/15 09:00:00 stamp
09/04/15 09:40:00 stamp
09/04/15 10:00:01 stamp
09/04/15 10:30:00 stamp
09/04/15 10:40:00 stamp
09/04/15 10:50:00 stamp
09/04/15 11:00:00 stamp
09/04/15 11:10:00 stamp
09/04/15 11:20:00 stamp
09/04/15 11:50:00 stamp
09/04/15 12:00:00 stamp
09/04/15 12:10:00 stamp
09/04/15 12:20:00 stamp
09/04/15 12:30:00 stamp
09/04/15 12:40:00 stamp
09/04/15 13:00:00 stamp
09/04/15 13:10:01 ________________ P2 __adm_______messages ldap_cachemgr[215]: [ID 293258 daemon.error] libsldap: Status: 49 
09/04/15 13:10:01 ________________ P2 __adm_______messages ldap_cachemgr[215]: [ID 545954 daemon.error] libsldap: makeConnect
09/04/15 13:10:01 ________________ P2 __adm_______messages ldap_cachemgr[215]: [ID 687686 daemon.warning] libsldap: Falling b
09/04/15 13:20:00 stamp
09/04/15 13:30:00 stamp
09/04/15 13:40:00 stamp
09/04/15 13:50:01 stamp
09/04/15 14:00:00 stamp
09/04/15 14:10:01 stamp
09/04/15 14:40:00 stamp
09/04/15 15:10:00 stamp
09/04/15 15:20:01 stamp
09/04/15 15:40:00 stamp
09/04/15 16:10:00 stamp
09/04/15 16:30:00 stamp
09/04/15 16:50:00 stamp
09/04/15 17:00:01 stamp
09/04/15 17:10:00 stamp
09/04/15 17:30:00 stamp
09/04/15 17:40:00 stamp
09/04/15 17:50:00 stamp
09/04/15 18:00:00 stamp
09/04/15 18:10:01 stamp
09/04/15 18:20:00 stamp
09/04/15 18:30:01 stamp
09/04/15 18:50:00 stamp
09/04/15 19:00:01 stamp
09/04/15 19:20:01 stamp
09/04/15 19:30:00 stamp
09/04/15 19:40:00 stamp
09/04/15 19:50:00 stamp
09/04/15 20:10:00 stamp
09/04/15 20:40:01 stamp
09/04/15 20:50:00 stamp
09/04/15 21:00:00 stamp
09/04/15 21:20:00 stamp
09/04/15 22:00:01 stamp
09/04/15 22:50:00 stamp
09/04/15 23:00:01 stamp
09/04/15 23:10:00 stamp
09/04/15 23:20:00 stamp
09/04/15 23:30:00 stamp
09/04/15 23:40:00 stamp
09/04/15 23:50:01 stamp
09/05/15 00:10:00 stamp
09/05/15 00:20:00 stamp
09/05/15 00:30:00 stamp
09/05/15 00:40:00 stamp
09/05/15 00:50:00 stamp
09/05/15 01:20:00 ________________ P2 __adm_______messages ldap_cachemgr[215]: [ID 293258 daemon.error] libsldap: Status: 49 
09/05/15 01:20:00 ________________ P2 __adm_______messages ldap_cachemgr[215]: [ID 545954 daemon.error] libsldap: makeConnect
09/05/15 01:20:00 ________________ P2 __adm_______messages ldap_cachemgr[215]: [ID 687686 daemon.warning] libsldap: Falling b
09/05/15 01:30:01 stamp
09/05/15 01:40:01 stamp
09/05/15 02:00:01 stamp
09/05/15 02:20:00 stamp
09/05/15 02:40:01 stamp
09/05/15 02:50:01 stamp
09/05/15 03:20:00 stamp
09/05/15 03:30:00 stamp
09/05/15 03:40:00 stamp
09/05/15 03:50:01 stamp
09/05/15 04:00:01 stamp
09/05/15 04:10:01 stamp
09/05/15 04:40:00 stamp
09/05/15 05:00:00 stamp
09/05/15 05:10:01 stamp
09/05/15 05:20:01 stamp
09/05/15 05:30:01 stamp
09/05/15 05:40:01 stamp
09/05/15 05:50:01 stamp
09/05/15 06:00:00 stamp
09/05/15 06:10:00 stamp
09/05/15 06:20:01 stamp
09/05/15 06:40:00 stamp
09/05/15 06:50:00 stamp
09/05/15 07:00:00 stamp
09/05/15 07:10:00 stamp
09/05/15 07:30:00 stamp
09/05/15 07:40:00 stamp
09/05/15 07:50:00 stamp
09/05/15 08:00:01 stamp
09/05/15 08:20:00 stamp
09/05/15 08:40:00 stamp
09/05/15 08:50:00 stamp
09/05/15 09:00:00 stamp
09/05/15 09:30:00 stamp
09/05/15 09:50:00 stamp
09/05/15 10:20:01 stamp
09/05/15 10:30:00 stamp
09/05/15 10:50:00 stamp
09/05/15 11:10:00 stamp
09/05/15 11:20:00 stamp
09/05/15 11:30:00 stamp
09/05/15 11:40:00 stamp
09/05/15 11:50:00 stamp
09/05/15 12:00:01 stamp
09/05/15 12:30:00 stamp
09/05/15 12:40:00 stamp
09/05/15 13:00:00 stamp
09/05/15 13:10:00 ________________ P2 __adm_______messages ldap_cachemgr[215]: [ID 293258 daemon.error] libsldap: Status: 49 
09/05/15 13:10:00 ________________ P2 __adm_______messages ldap_cachemgr[215]: [ID 545954 daemon.error] libsldap: makeConnect
09/05/15 13:10:00 ________________ P2 __adm_______messages ldap_cachemgr[215]: [ID 687686 daemon.warning] libsldap: Falling b
09/05/15 13:20:00 stamp
09/05/15 13:30:00 stamp
09/05/15 13:50:00 stamp
09/05/15 14:00:01 stamp
09/05/15 14:10:00 stamp
09/05/15 14:20:00 stamp
09/05/15 14:40:00 stamp
09/05/15 14:50:00 stamp
09/05/15 15:00:00 stamp
09/05/15 15:10:00 stamp
09/05/15 15:20:01 stamp
09/05/15 15:40:00 stamp
09/05/15 15:50:00 stamp
09/05/15 16:00:00 stamp
09/05/15 16:20:01 stamp
09/05/15 16:30:00 stamp
09/05/15 16:40:01 stamp
09/05/15 17:00:00 stamp
09/05/15 17:10:01 stamp
09/05/15 17:30:00 stamp
09/05/15 17:40:00 stamp
09/05/15 17:50:00 stamp
09/05/15 18:00:00 stamp
09/05/15 18:10:00 stamp
09/05/15 18:30:00 stamp
09/05/15 18:40:00 stamp
09/05/15 18:50:00 stamp
09/05/15 19:00:00 stamp
09/05/15 19:10:00 stamp
09/05/15 19:20:00 stamp
09/05/15 19:30:01 stamp
09/05/15 19:40:01 stamp
09/05/15 19:50:00 stamp
09/05/15 20:00:00 stamp
09/05/15 20:20:00 stamp
09/05/15 20:30:00 stamp
09/05/15 20:40:00 stamp
09/05/15 20:50:00 stamp
09/05/15 21:00:00 stamp
09/05/15 21:30:00 stamp
09/05/15 21:40:00 stamp
09/05/15 21:50:01 stamp
09/05/15 22:00:00 stamp
09/05/15 22:10:00 stamp
09/05/15 22:30:00 stamp
09/05/15 22:40:00 stamp
09/05/15 23:10:01 stamp
09/05/15 23:20:00 stamp
09/06/15 00:00:00 stamp
09/06/15 00:10:01 stamp
09/06/15 00:30:00 stamp
09/06/15 00:50:00 stamp
09/06/15 01:10:00 ________________ P2 __adm_______messages ldap_cachemgr[215]: [ID 293258 daemon.error] libsldap: Status: 49 
09/06/15 01:10:00 ________________ P2 __adm_______messages ldap_cachemgr[215]: [ID 545954 daemon.error] libsldap: makeConnect
09/06/15 01:10:00 ________________ P2 __adm_______messages ldap_cachemgr[215]: [ID 687686 daemon.warning] libsldap: Falling b
09/06/15 01:20:00 stamp
09/06/15 02:00:00 stamp
09/06/15 02:20:00 stamp
09/06/15 02:30:00 stamp
09/06/15 02:40:00 stamp
09/06/15 02:50:00 stamp
09/06/15 03:00:00 stamp
09/06/15 03:20:00 stamp
09/06/15 03:40:00 stamp
09/06/15 04:00:01 stamp
09/06/15 04:10:01 stamp
09/06/15 04:20:01 stamp
09/06/15 04:30:00 stamp
09/06/15 04:40:00 stamp
09/06/15 04:50:00 stamp
09/06/15 05:20:01 stamp
09/06/15 05:30:01 stamp
09/06/15 06:10:00 stamp
09/06/15 06:30:01 stamp
09/06/15 06:40:00 stamp
09/06/15 06:50:00 stamp
09/06/15 07:00:00 stamp
09/06/15 07:10:00 stamp
09/06/15 07:20:00 stamp
09/06/15 07:30:00 stamp
09/06/15 08:20:00 stamp
09/06/15 08:30:00 stamp
09/06/15 08:40:01 stamp
09/06/15 08:50:00 stamp
09/06/15 09:10:01 stamp
09/06/15 09:30:00 stamp
09/06/15 09:40:00 stamp
09/06/15 10:10:00 stamp
09/06/15 10:20:00 stamp
09/06/15 10:30:00 stamp
09/06/15 10:40:00 stamp
09/06/15 10:50:01 stamp
09/06/15 11:10:00 stamp
09/06/15 11:20:00 stamp
09/06/15 11:40:01 stamp
09/06/15 12:00:00 stamp
09/06/15 12:10:00 stamp
09/06/15 12:20:00 stamp
09/06/15 12:30:00 stamp
09/06/15 12:40:00 stamp
09/06/15 12:50:00 stamp
09/06/15 13:00:00 stamp
09/06/15 13:10:00 ________________ P2 __adm_______messages ldap_cachemgr[215]: [ID 293258 daemon.error] libsldap: Status: 49 
09/06/15 13:10:00 ________________ P2 __adm_______messages ldap_cachemgr[215]: [ID 545954 daemon.error] libsldap: makeConnect
09/06/15 13:10:00 ________________ P2 __adm_______messages ldap_cachemgr[215]: [ID 687686 daemon.warning] libsldap: Falling b
09/06/15 13:30:01 stamp
09/06/15 13:40:01 stamp
09/06/15 13:50:00 stamp
09/06/15 14:10:00 stamp
09/06/15 14:40:00 stamp
09/06/15 14:50:00 stamp
09/06/15 15:00:01 stamp
09/06/15 15:10:01 stamp
09/06/15 15:20:00 stamp
09/06/15 15:30:00 stamp
09/06/15 15:40:00 stamp
09/06/15 15:50:00 stamp
09/06/15 16:10:01 stamp
09/06/15 16:20:00 stamp
09/06/15 16:30:00 stamp
09/06/15 16:50:01 stamp
09/06/15 17:00:00 stamp
09/06/15 17:20:00 stamp
09/06/15 17:30:00 stamp
09/06/15 17:50:01 stamp
09/06/15 18:00:00 stamp
09/06/15 18:10:00 stamp
09/06/15 18:20:00 stamp
09/06/15 18:30:00 stamp
09/06/15 18:40:00 stamp
09/06/15 19:20:01 stamp
09/06/15 19:40:00 stamp
09/06/15 19:50:01 stamp
09/06/15 20:20:00 stamp
09/06/15 20:30:00 stamp
09/06/15 20:40:00 stamp
09/06/15 20:50:01 stamp
09/06/15 21:00:01 stamp
09/06/15 21:10:00 stamp
09/06/15 21:20:01 stamp
09/06/15 21:30:00 stamp
09/06/15 21:40:00 stamp
09/06/15 21:50:00 stamp
09/06/15 22:00:00 stamp
09/06/15 22:20:00 stamp
09/06/15 22:30:00 stamp
09/06/15 22:50:01 stamp
09/06/15 23:00:01 stamp
09/06/15 23:20:00 stamp
09/06/15 23:30:00 stamp
09/06/15 23:40:00 stamp
09/07/15 00:00:00 stamp
09/07/15 00:10:00 stamp
09/07/15 00:40:00 stamp
09/07/15 00:50:00 stamp
09/07/15 01:00:01 stamp
09/07/15 01:20:01 ________________ P2 __adm_______messages ldap_cachemgr[215]: [ID 293258 daemon.error] libsldap: Status: 49 
09/07/15 01:20:01 ________________ P2 __adm_______messages ldap_cachemgr[215]: [ID 545954 daemon.error] libsldap: makeConnect
09/07/15 01:20:01 ________________ P2 __adm_______messages ldap_cachemgr[215]: [ID 687686 daemon.warning] libsldap: Falling b
09/07/15 01:50:00 stamp
09/07/15 02:00:00 stamp
09/07/15 02:10:01 stamp
09/07/15 02:20:00 stamp
09/07/15 02:40:00 stamp
09/07/15 02:50:00 stamp
09/07/15 03:00:00 stamp
09/07/15 03:10:00 stamp
09/07/15 03:20:00 stamp
09/07/15 03:40:00 stamp
09/07/15 03:50:01 stamp
09/07/15 04:00:00 stamp
09/07/15 04:10:00 stamp
09/07/15 04:30:00 stamp
09/07/15 05:10:01 stamp
09/07/15 05:20:00 stamp
09/07/15 05:40:00 stamp
09/07/15 05:50:00 stamp
09/07/15 06:00:00 stamp
09/07/15 06:10:00 stamp
09/07/15 06:20:01 stamp
09/07/15 06:40:01 stamp
09/07/15 06:50:00 stamp
09/07/15 07:00:00 stamp
09/07/15 07:20:01 stamp
09/07/15 07:40:00 stamp
09/07/15 08:00:01 stamp
09/07/15 08:10:01 stamp
09/07/15 08:20:00 stamp
09/07/15 08:30:00 stamp
09/07/15 08:40:00 stamp
09/07/15 08:50:00 stamp
09/07/15 09:50:01 stamp
09/07/15 10:00:01 stamp
09/07/15 10:10:00 stamp
09/07/15 10:20:00 stamp
09/07/15 10:30:00 stamp
09/07/15 10:40:01 stamp
09/07/15 10:50:00 stamp
09/07/15 11:00:00 stamp
09/07/15 11:10:00 stamp
09/07/15 11:30:00 stamp
09/07/15 11:40:00 stamp
